...found 11 targets...
...updating 10 targets...
gcc.compile.c++ bin.v2/libs/config/checks/architecture/gcc-9/debug/threading-multi/visibility-hidden/32.o
libs/config/checks/architecture/32.cpp:9:36: error: narrowing conversion of ‘-1’ from ‘int’ to ‘long unsigned int’ [-Wnarrowing]
    9 | int test[sizeof(void*) == 4? 1 : -1];
      |                                    ^
libs/config/checks/architecture/32.cpp:9:28: error: size ‘-1’ of array ‘test’ is negative
    9 | int test[sizeof(void*) == 4? 1 : -1];
      |          ~~~~~~~~~~~~~~~~~~^~~~~~~~

    "g++"   -fvisibility-inlines-hidden -fPIC -pthread -O0 -fno-inline -Wall -g -fvisibility=hidden  -DBOOST_ALL_NO_LIB=1  -I"."  -c -o "bin.v2/libs/config/checks/architecture/gcc-9/debug/threading-multi/visibility-hidden/32.o" "libs/config/checks/architecture/32.cpp"

...failed gcc.compile.c++ bin.v2/libs/config/checks/architecture/gcc-9/debug/threading-multi/visibility-hidden/32.o...
...failed updating 1 target...
...updated 9 targets...
...found 2 targets...
...updating 1 target...
gcc.compile.c++ bin.v2/libs/config/checks/architecture/gcc-9/debug/threading-multi/visibility-hidden/64.o
...updated 1 target...
...found 2 targets...
...updating 1 target...
gcc.compile.c++ bin.v2/libs/config/checks/architecture/gcc-9/debug/threading-multi/visibility-hidden/arm.o
libs/config/checks/architecture/arm.cpp:13:2: error: #error "Not ARM"
   13 | #error "Not ARM"
      |  ^~~~~

    "g++"   -fvisibility-inlines-hidden -fPIC -pthread -O0 -fno-inline -Wall -g -fvisibility=hidden  -DBOOST_ALL_NO_LIB=1  -I"."  -c -o "bin.v2/libs/config/checks/architecture/gcc-9/debug/threading-multi/visibility-hidden/arm.o" "libs/config/checks/architecture/arm.cpp"

...failed gcc.compile.c++ bin.v2/libs/config/checks/architecture/gcc-9/debug/threading-multi/visibility-hidden/arm.o...
...failed updating 1 target...
...found 2 targets...
...updating 1 target...
gcc.compile.c++ bin.v2/libs/config/checks/architecture/gcc-9/debug/threading-multi/visibility-hidden/mips.o
libs/config/checks/architecture/mips.cpp:10:2: error: #error "Not MIPS"
   10 | #error "Not MIPS"
      |  ^~~~~

    "g++"   -fvisibility-inlines-hidden -fPIC -pthread -O0 -fno-inline -Wall -g -fvisibility=hidden  -DBOOST_ALL_NO_LIB=1  -I"."  -c -o "bin.v2/libs/config/checks/architecture/gcc-9/debug/threading-multi/visibility-hidden/mips.o" "libs/config/checks/architecture/mips.cpp"

...failed gcc.compile.c++ bin.v2/libs/config/checks/architecture/gcc-9/debug/threading-multi/visibility-hidden/mips.o...
...failed updating 1 target...
...found 2 targets...
...updating 1 target...
gcc.compile.c++ bin.v2/libs/config/checks/architecture/gcc-9/debug/threading-multi/visibility-hidden/power.o
libs/config/checks/architecture/power.cpp:13:2: error: #error "Not PPC"
   13 | #error "Not PPC"
      |  ^~~~~

    "g++"   -fvisibility-inlines-hidden -fPIC -pthread -O0 -fno-inline -Wall -g -fvisibility=hidden  -DBOOST_ALL_NO_LIB=1  -I"."  -c -o "bin.v2/libs/config/checks/architecture/gcc-9/debug/threading-multi/visibility-hidden/power.o" "libs/config/checks/architecture/power.cpp"

...failed gcc.compile.c++ bin.v2/libs/config/checks/architecture/gcc-9/debug/threading-multi/visibility-hidden/power.o...
...failed updating 1 target...
...found 2 targets...
...updating 1 target...
gcc.compile.c++ bin.v2/libs/config/checks/architecture/gcc-9/debug/threading-multi/visibility-hidden/riscv.o
libs/config/checks/architecture/riscv.cpp:9:2: error: #error "Not RISC-V"
    9 | #error "Not RISC-V"
      |  ^~~~~

    "g++"   -fvisibility-inlines-hidden -fPIC -pthread -O0 -fno-inline -Wall -g -fvisibility=hidden  -DBOOST_ALL_NO_LIB=1  -I"."  -c -o "bin.v2/libs/config/checks/architecture/gcc-9/debug/threading-multi/visibility-hidden/riscv.o" "libs/config/checks/architecture/riscv.cpp"

...failed gcc.compile.c++ bin.v2/libs/config/checks/architecture/gcc-9/debug/threading-multi/visibility-hidden/riscv.o...
...failed updating 1 target...
...found 2 targets...
...updating 1 target...
gcc.compile.c++ bin.v2/libs/config/checks/architecture/gcc-9/debug/threading-multi/visibility-hidden/s390x.o
libs/config/checks/architecture/s390x.cpp:10:2: error: #error "Not S390x"
   10 | #error "Not S390x"
      |  ^~~~~

    "g++"   -fvisibility-inlines-hidden -fPIC -pthread -O0 -fno-inline -Wall -g -fvisibility=hidden  -DBOOST_ALL_NO_LIB=1  -I"."  -c -o "bin.v2/libs/config/checks/architecture/gcc-9/debug/threading-multi/visibility-hidden/s390x.o" "libs/config/checks/architecture/s390x.cpp"

...failed gcc.compile.c++ bin.v2/libs/config/checks/architecture/gcc-9/debug/threading-multi/visibility-hidden/s390x.o...
...failed updating 1 target...
...found 2 targets...
...updating 1 target...
gcc.compile.c++ bin.v2/libs/config/checks/architecture/gcc-9/debug/threading-multi/visibility-hidden/sparc.o
libs/config/checks/architecture/sparc.cpp:10:2: error: #error "Not SPARC"
   10 | #error "Not SPARC"
      |  ^~~~~

    "g++"   -fvisibility-inlines-hidden -fPIC -pthread -O0 -fno-inline -Wall -g -fvisibility=hidden  -DBOOST_ALL_NO_LIB=1  -I"."  -c -o "bin.v2/libs/config/checks/architecture/gcc-9/debug/threading-multi/visibility-hidden/sparc.o" "libs/config/checks/architecture/sparc.cpp"

...failed gcc.compile.c++ bin.v2/libs/config/checks/architecture/gcc-9/debug/threading-multi/visibility-hidden/sparc.o...
...failed updating 1 target...
...found 2 targets...
...updating 1 target...
gcc.compile.c++ bin.v2/libs/config/checks/architecture/gcc-9/debug/threading-multi/visibility-hidden/x86.o
...updated 1 target...
...found 1 target...
...updating 1 target...
config-cache.write bin.v2/project-cache.jam
...updated 1 target...
